<?xml version="1.0" encoding="UTF-8"?>
<testsuite name="com.merative.publisher.ArticleResourceTest" tests="18" skipped="0" failures="0" errors="0" timestamp="2023-02-21T11:36:29" hostname="DESKTOP-GO61V4S" time="5.852">
  <properties/>
  <testcase name="testAddUserEndpointPublisher()" classname="com.merative.publisher.ArticleResourceTest" time="3.666"/>
  <testcase name="testGetAllUsersEndpointReviewer()" classname="com.merative.publisher.ArticleResourceTest" time="0.71"/>
  <testcase name="testGetAllUsersEndpointPublisher()" classname="com.merative.publisher.ArticleResourceTest" time="0.043"/>
  <testcase name="testUpdateArticleDataEndpointPublisher()" classname="com.merative.publisher.ArticleResourceTest" time="0.591"/>
  <testcase name="testUpdateUserEndpointUnauthorizedUsers()" classname="com.merative.publisher.ArticleResourceTest" time="0.063"/>
  <testcase name="testGetArticlesEndpointAuthor()" classname="com.merative.publisher.ArticleResourceTest" time="0.079"/>
  <testcase name="testUpdateArticleDataEndpointReviewer()" classname="com.merative.publisher.ArticleResourceTest" time="0.132"/>
  <testcase name="testUpdateUserEndpointAuthor()" classname="com.merative.publisher.ArticleResourceTest" time="0.092"/>
  <testcase name="testAddUserEndpointReviewer()" classname="com.merative.publisher.ArticleResourceTest" time="0.024"/>
  <testcase name="testUpdateArticleDataEndpointAuthor()" classname="com.merative.publisher.ArticleResourceTest" time="0.029"/>
  <testcase name="testAddUserEndpointUnauthorizedUsers()" classname="com.merative.publisher.ArticleResourceTest" time="0.023"/>
  <testcase name="testAddUserEndpointAdministrator()" classname="com.merative.publisher.ArticleResourceTest" time="0.032"/>
  <testcase name="testUpdateUserEndpointAdministrator()" classname="com.merative.publisher.ArticleResourceTest" time="0.057"/>
  <testcase name="testUpdateArticleStatusEndpointAuthor()" classname="com.merative.publisher.ArticleResourceTest" time="0.047"/>
  <testcase name="testGetArticlesEndpointUnauthorizedUsers()" classname="com.merative.publisher.ArticleResourceTest" time="0.017"/>
  <testcase name="testGetArticlesEndpointAdministrator()" classname="com.merative.publisher.ArticleResourceTest" time="0.043"/>
  <testcase name="testAddUserEndpointAuthor()" classname="com.merative.publisher.ArticleResourceTest" time="0.093"/>
  <testcase name="testGetArticlesEndpointPublisher()" classname="com.merative.publisher.ArticleResourceTest" time="0.072"/>
  <system-out><![CDATA[2023-02-21 11:36:29,116 INFO  [io.quarkus] (Test worker) publisherapp 1.0-SNAPSHOT on JVM (powered by Quarkus 2.16.1.Final) started in 12.521s. Listening on: http://localhost:8081
2023-02-21 11:36:29,125 INFO  [io.quarkus] (Test worker) Profile test activated. 
2023-02-21 11:36:29,125 INFO  [io.quarkus] (Test worker) Installed features: [agroal, cdi, config-yaml, hibernate-orm, hibernate-orm-panache, jdbc-h2, narayana-jta, reactive-routes, resteasy, resteasy-jaxb, resteasy-jsonb, security, security-jpa, servlet, smallrye-context-propagation, smallrye-jwt, vertx]
Hibernate: 
    select
        userentity0_.id as id1_1_,
        userentity0_.accountLocked as accountl2_1_,
        userentity0_.firstname as firstnam3_1_,
        userentity0_.lastname as lastname4_1_,
        userentity0_.user_key as user_key5_1_,
        userentity0_.user_role as user_rol6_1_,
        userentity0_.username as username7_1_ 
    from
        users userentity0_
Hibernate: 
    select
        articleent0_.id as id1_0_,
        articleent0_.author_id as author_i2_0_,
        articleent0_.fulltext as fulltext3_0_,
        articleent0_.status as status4_0_,
        articleent0_.synopsis as synopsis5_0_,
        articleent0_.title as title6_0_ 
    from
        articles articleent0_
Hibernate: 
    select
        userentity0_.id as id1_1_,
        userentity0_.accountLocked as accountl2_1_,
        userentity0_.firstname as firstnam3_1_,
        userentity0_.lastname as lastname4_1_,
        userentity0_.user_key as user_key5_1_,
        userentity0_.user_role as user_rol6_1_,
        userentity0_.username as username7_1_ 
    from
        users userentity0_
Hibernate: 
    select
        userentity0_.id as id1_1_,
        userentity0_.accountLocked as accountl2_1_,
        userentity0_.firstname as firstnam3_1_,
        userentity0_.lastname as lastname4_1_,
        userentity0_.user_key as user_key5_1_,
        userentity0_.user_role as user_rol6_1_,
        userentity0_.username as username7_1_ 
    from
        users userentity0_
Hibernate: 
    select
        articleent0_.id as id1_0_,
        articleent0_.author_id as author_i2_0_,
        articleent0_.fulltext as fulltext3_0_,
        articleent0_.status as status4_0_,
        articleent0_.synopsis as synopsis5_0_,
        articleent0_.title as title6_0_ 
    from
        articles articleent0_
Hibernate: 
    select
        userentity0_.id as id1_1_,
        userentity0_.accountLocked as accountl2_1_,
        userentity0_.firstname as firstnam3_1_,
        userentity0_.lastname as lastname4_1_,
        userentity0_.user_key as user_key5_1_,
        userentity0_.user_role as user_rol6_1_,
        userentity0_.username as username7_1_ 
    from
        users userentity0_
Hibernate: 
    select
        userentity0_.id as id1_1_,
        userentity0_.accountLocked as accountl2_1_,
        userentity0_.firstname as firstnam3_1_,
        userentity0_.lastname as lastname4_1_,
        userentity0_.user_key as user_key5_1_,
        userentity0_.user_role as user_rol6_1_,
        userentity0_.username as username7_1_ 
    from
        users userentity0_
Hibernate: 
    select
        userentity0_.id as id1_1_,
        userentity0_.accountLocked as accountl2_1_,
        userentity0_.firstname as firstnam3_1_,
        userentity0_.lastname as lastname4_1_,
        userentity0_.user_key as user_key5_1_,
        userentity0_.user_role as user_rol6_1_,
        userentity0_.username as username7_1_ 
    from
        users userentity0_
Hibernate: 
    select
        articleent0_.id as id1_0_0_,
        articleent0_.author_id as author_i2_0_0_,
        articleent0_.fulltext as fulltext3_0_0_,
        articleent0_.status as status4_0_0_,
        articleent0_.synopsis as synopsis5_0_0_,
        articleent0_.title as title6_0_0_ 
    from
        articles articleent0_ 
    where
        articleent0_.id=?
Hibernate: 
    update
        articles 
    set
        author_id=?,
        fulltext=?,
        status=?,
        synopsis=?,
        title=? 
    where
        id=?
Hibernate: 
    select
        userentity0_.id as id1_1_,
        userentity0_.accountLocked as accountl2_1_,
        userentity0_.firstname as firstnam3_1_,
        userentity0_.lastname as lastname4_1_,
        userentity0_.user_key as user_key5_1_,
        userentity0_.user_role as user_rol6_1_,
        userentity0_.username as username7_1_ 
    from
        users userentity0_
Hibernate: 
    select
        articleent0_.id as id1_0_,
        articleent0_.author_id as author_i2_0_,
        articleent0_.fulltext as fulltext3_0_,
        articleent0_.status as status4_0_,
        articleent0_.synopsis as synopsis5_0_,
        articleent0_.title as title6_0_ 
    from
        articles articleent0_
Hibernate: 
    select
        userentity0_.id as id1_1_,
        userentity0_.accountLocked as accountl2_1_,
        userentity0_.firstname as firstnam3_1_,
        userentity0_.lastname as lastname4_1_,
        userentity0_.user_key as user_key5_1_,
        userentity0_.user_role as user_rol6_1_,
        userentity0_.username as username7_1_ 
    from
        users userentity0_
Hibernate: 
    select
        userentity0_.id as id1_1_,
        userentity0_.accountLocked as accountl2_1_,
        userentity0_.firstname as firstnam3_1_,
        userentity0_.lastname as lastname4_1_,
        userentity0_.user_key as user_key5_1_,
        userentity0_.user_role as user_rol6_1_,
        userentity0_.username as username7_1_ 
    from
        users userentity0_
Hibernate: 
    select
        userentity0_.id as id1_1_,
        userentity0_.accountLocked as accountl2_1_,
        userentity0_.firstname as firstnam3_1_,
        userentity0_.lastname as lastname4_1_,
        userentity0_.user_key as user_key5_1_,
        userentity0_.user_role as user_rol6_1_,
        userentity0_.username as username7_1_ 
    from
        users userentity0_
Hibernate: 
    select
        userentity0_.id as id1_1_,
        userentity0_.accountLocked as accountl2_1_,
        userentity0_.firstname as firstnam3_1_,
        userentity0_.lastname as lastname4_1_,
        userentity0_.user_key as user_key5_1_,
        userentity0_.user_role as user_rol6_1_,
        userentity0_.username as username7_1_ 
    from
        users userentity0_
Hibernate: 
    select
        userentity0_.id as id1_1_,
        userentity0_.accountLocked as accountl2_1_,
        userentity0_.firstname as firstnam3_1_,
        userentity0_.lastname as lastname4_1_,
        userentity0_.user_key as user_key5_1_,
        userentity0_.user_role as user_rol6_1_,
        userentity0_.username as username7_1_ 
    from
        users userentity0_
Hibernate: 
    select
        userentity0_.id as id1_1_,
        userentity0_.accountLocked as accountl2_1_,
        userentity0_.firstname as firstnam3_1_,
        userentity0_.lastname as lastname4_1_,
        userentity0_.user_key as user_key5_1_,
        userentity0_.user_role as user_rol6_1_,
        userentity0_.username as username7_1_ 
    from
        users userentity0_
Hibernate: 
    select
        userentity0_.id as id1_1_,
        userentity0_.accountLocked as accountl2_1_,
        userentity0_.firstname as firstnam3_1_,
        userentity0_.lastname as lastname4_1_,
        userentity0_.user_key as user_key5_1_,
        userentity0_.user_role as user_rol6_1_,
        userentity0_.username as username7_1_ 
    from
        users userentity0_
Hibernate: 
    select
        userentity0_.id as id1_1_,
        userentity0_.accountLocked as accountl2_1_,
        userentity0_.firstname as firstnam3_1_,
        userentity0_.lastname as lastname4_1_,
        userentity0_.user_key as user_key5_1_,
        userentity0_.user_role as user_rol6_1_,
        userentity0_.username as username7_1_ 
    from
        users userentity0_
Hibernate: 
    select
        articleent0_.id as id1_0_0_,
        articleent0_.author_id as author_i2_0_0_,
        articleent0_.fulltext as fulltext3_0_0_,
        articleent0_.status as status4_0_0_,
        articleent0_.synopsis as synopsis5_0_0_,
        articleent0_.title as title6_0_0_ 
    from
        articles articleent0_ 
    where
        articleent0_.id=?
Hibernate: 
    update
        articles 
    set
        author_id=?,
        fulltext=?,
        status=?,
        synopsis=?,
        title=? 
    where
        id=?
Hibernate: 
    select
        userentity0_.id as id1_1_,
        userentity0_.accountLocked as accountl2_1_,
        userentity0_.firstname as firstnam3_1_,
        userentity0_.lastname as lastname4_1_,
        userentity0_.user_key as user_key5_1_,
        userentity0_.user_role as user_rol6_1_,
        userentity0_.username as username7_1_ 
    from
        users userentity0_
Hibernate: 
    select
        articleent0_.id as id1_0_0_,
        articleent0_.author_id as author_i2_0_0_,
        articleent0_.fulltext as fulltext3_0_0_,
        articleent0_.status as status4_0_0_,
        articleent0_.synopsis as synopsis5_0_0_,
        articleent0_.title as title6_0_0_ 
    from
        articles articleent0_ 
    where
        articleent0_.id=?
Hibernate: 
    update
        articles 
    set
        author_id=?,
        fulltext=?,
        status=?,
        synopsis=?,
        title=? 
    where
        id=?
Hibernate: 
    select
        userentity0_.id as id1_1_,
        userentity0_.accountLocked as accountl2_1_,
        userentity0_.firstname as firstnam3_1_,
        userentity0_.lastname as lastname4_1_,
        userentity0_.user_key as user_key5_1_,
        userentity0_.user_role as user_rol6_1_,
        userentity0_.username as username7_1_ 
    from
        users userentity0_
Hibernate: 
    select
        articleent0_.id as id1_0_0_,
        articleent0_.author_id as author_i2_0_0_,
        articleent0_.fulltext as fulltext3_0_0_,
        articleent0_.status as status4_0_0_,
        articleent0_.synopsis as synopsis5_0_0_,
        articleent0_.title as title6_0_0_ 
    from
        articles articleent0_ 
    where
        articleent0_.id=?
Hibernate: 
    update
        articles 
    set
        author_id=?,
        fulltext=?,
        status=?,
        synopsis=?,
        title=? 
    where
        id=?
Hibernate: 
    select
        userentity0_.id as id1_1_,
        userentity0_.accountLocked as accountl2_1_,
        userentity0_.firstname as firstnam3_1_,
        userentity0_.lastname as lastname4_1_,
        userentity0_.user_key as user_key5_1_,
        userentity0_.user_role as user_rol6_1_,
        userentity0_.username as username7_1_ 
    from
        users userentity0_
Hibernate: 
    select
        articleent0_.id as id1_0_0_,
        articleent0_.author_id as author_i2_0_0_,
        articleent0_.fulltext as fulltext3_0_0_,
        articleent0_.status as status4_0_0_,
        articleent0_.synopsis as synopsis5_0_0_,
        articleent0_.title as title6_0_0_ 
    from
        articles articleent0_ 
    where
        articleent0_.id=?
Hibernate: 
    select
        userentity0_.id as id1_1_,
        userentity0_.accountLocked as accountl2_1_,
        userentity0_.firstname as firstnam3_1_,
        userentity0_.lastname as lastname4_1_,
        userentity0_.user_key as user_key5_1_,
        userentity0_.user_role as user_rol6_1_,
        userentity0_.username as username7_1_ 
    from
        users userentity0_
Hibernate: 
    select
        userentity0_.id as id1_1_,
        userentity0_.accountLocked as accountl2_1_,
        userentity0_.firstname as firstnam3_1_,
        userentity0_.lastname as lastname4_1_,
        userentity0_.user_key as user_key5_1_,
        userentity0_.user_role as user_rol6_1_,
        userentity0_.username as username7_1_ 
    from
        users userentity0_
Hibernate: 
    insert 
    into
        articles
        (id, author_id, fulltext, status, synopsis, title) 
    values
        (default, ?, ?, ?, ?, ?)
Hibernate: 
    select
        userentity0_.id as id1_1_,
        userentity0_.accountLocked as accountl2_1_,
        userentity0_.firstname as firstnam3_1_,
        userentity0_.lastname as lastname4_1_,
        userentity0_.user_key as user_key5_1_,
        userentity0_.user_role as user_rol6_1_,
        userentity0_.username as username7_1_ 
    from
        users userentity0_
Hibernate: 
    select
        articleent0_.id as id1_0_,
        articleent0_.author_id as author_i2_0_,
        articleent0_.fulltext as fulltext3_0_,
        articleent0_.status as status4_0_,
        articleent0_.synopsis as synopsis5_0_,
        articleent0_.title as title6_0_ 
    from
        articles articleent0_
Hibernate: 
    select
        userentity0_.id as id1_1_,
        userentity0_.accountLocked as accountl2_1_,
        userentity0_.firstname as firstnam3_1_,
        userentity0_.lastname as lastname4_1_,
        userentity0_.user_key as user_key5_1_,
        userentity0_.user_role as user_rol6_1_,
        userentity0_.username as username7_1_ 
    from
        users userentity0_
Hibernate: 
    select
        userentity0_.id as id1_1_,
        userentity0_.accountLocked as accountl2_1_,
        userentity0_.firstname as firstnam3_1_,
        userentity0_.lastname as lastname4_1_,
        userentity0_.user_key as user_key5_1_,
        userentity0_.user_role as user_rol6_1_,
        userentity0_.username as username7_1_ 
    from
        users userentity0_
]]></system-out>
  <system-err><![CDATA[]]></system-err>
</testsuite>
